[19:27:33] [main/INFO]: Setting user: Player368
[19:27:36] [Client thread/INFO]: LWJGL Version: 2.9.1
[19:27:46] [Client thread/INFO]: Reloading ResourceManager: Default, FMLFileResourcePack:Forge Mod Loader, FMLFileResourcePack:Minecraft Forge, FMLFileResourcePack:examplemod, FMLFileResourcePack:dice_item, FMLFileResourcePack:dice_side_blank, FMLFileResourcePack:dice_side_five, FMLFileResourcePack:dice_side_four, FMLFileResourcePack:dice_side_one, FMLFileResourcePack:dice_side_six, FMLFileResourcePack:dice_side_three, FMLFileResourcePack:dice_side_two
[19:27:47] [Sound Library Loader/INFO]: Sound engine started
[19:27:59] [Client thread/INFO]: Created: 512x256 textures/blocks-atlas
[19:27:59] [Client thread/INFO]: Created: 256x256 textures/items-atlas
[19:27:59] [Client thread/INFO]: Reloading ResourceManager: Default, FMLFileResourcePack:Forge Mod Loader, FMLFileResourcePack:Minecraft Forge, FMLFileResourcePack:examplemod, FMLFileResourcePack:dice_item, FMLFileResourcePack:dice_side_blank, FMLFileResourcePack:dice_side_five, FMLFileResourcePack:dice_side_four, FMLFileResourcePack:dice_side_one, FMLFileResourcePack:dice_side_six, FMLFileResourcePack:dice_side_three, FMLFileResourcePack:dice_side_two
[19:27:59] [Client thread/INFO]: Created: 512x256 textures/blocks-atlas
[19:28:00] [Client thread/INFO]: Created: 256x256 textures/items-atlas
[19:28:00] [Sound Library Loader/INFO]: Sound engine started
[19:28:26] [Server thread/INFO]: Starting integrated minecraft server version 1.7.10
[19:28:26] [Server thread/INFO]: Generating keypair
[19:28:27] [Server thread/INFO]: Converting map!
[19:28:27] [Server thread/INFO]: Scanning folders...
[19:28:27] [Server thread/INFO]: Total conversion count is 0
[19:28:28] [Server thread/INFO]: Preparing start region for level 0
[19:28:29] [Server thread/INFO]: Preparing spawn area: 8%
[19:28:30] [Server thread/INFO]: Preparing spawn area: 19%
[19:28:31] [Server thread/INFO]: Preparing spawn area: 27%
[19:28:32] [Server thread/INFO]: Preparing spawn area: 38%
[19:28:33] [Server thread/INFO]: Preparing spawn area: 58%
[19:28:34] [Server thread/INFO]: Preparing spawn area: 70%
[19:28:35] [Server thread/INFO]: Preparing spawn area: 89%
[19:28:35] [Server thread/INFO]: Changing view distance to 12, from 10
[19:28:36] [Server thread/INFO]: Player368[local:E:47e65800] logged in with entity id 168 at (-46.5, 73.0, 222.5)
[19:28:36] [Server thread/INFO]: Player368 joined the game
[19:28:39] [Client thread/INFO]: Warning: Clientside chunk ticking took 171 ms
[19:28:40] [Client thread/INFO]: Warning: Clientside chunk ticking took 114 ms
[19:28:42] [Server thread/WARN]: Can't keep up! Did the system time change, or is the server overloaded? Running 2254ms behind, skipping 45 tick(s)
[19:28:42] [Server thread/INFO]: Saving and pausing game...
[19:28:42] [Server thread/INFO]: Saving chunks for level 'New World'/Overworld
[19:28:43] [Server thread/INFO]: Saving chunks for level 'New World'/Nether
[19:28:43] [Server thread/INFO]: Saving chunks for level 'New World'/The End
[19:28:54] [Client thread/INFO]: Warning: Clientside chunk ticking took 399 ms
[19:28:54] [Server thread/INFO]: Player368 has just earned the achievement [Taking Inventory]
[19:28:54] [Client thread/INFO]: Warning: Clientside chunk ticking took 246 ms
[19:28:54] [Client thread/INFO]: [CHAT] Player368 has just earned the achievement [Taking Inventory]
[19:28:54] [Client thread/INFO]: Warning: Clientside chunk ticking took 188 ms
[19:28:54] [Client thread/INFO]: Warning: Clientside chunk ticking took 175 ms
[19:28:55] [Client thread/INFO]: Warning: Clientside chunk ticking took 188 ms
[19:28:55] [Client thread/INFO]: Warning: Clientside chunk ticking took 178 ms
[19:28:55] [Client thread/INFO]: Warning: Clientside chunk ticking took 120 ms
[19:28:55] [Client thread/INFO]: Warning: Clientside chunk ticking took 179 ms
[19:31:30] [Server thread/INFO]: Saving and pausing game...
[19:31:30] [Server thread/INFO]: Saving chunks for level 'New World'/Overworld
[19:31:30] [Server thread/INFO]: Saving chunks for level 'New World'/Nether
[19:31:30] [Server thread/INFO]: Saving chunks for level 'New World'/The End
[19:31:31] [Server thread/INFO]: Stopping server
[19:31:31] [Server thread/INFO]: Saving players
[19:31:31] [Server thread/INFO]: Saving worlds
[19:31:31] [Server thread/INFO]: Saving chunks for level 'New World'/Overworld
[19:31:31] [Server thread/INFO]: Saving chunks for level 'New World'/Nether
[19:31:31] [Server thread/INFO]: Saving chunks for level 'New World'/The End
[19:31:34] [Client thread/INFO]: Stopping!
